  SmoothNoise.cpp
  AudioSystem.cpp
  Clock.cpp
  DevConsole.cpp
  EngineCommon.cpp
  EventSystem.cpp
  FileUtils.cpp
  HeatMaps.cpp
  Image.cpp
  NamedStrings.cpp
  ObjLoader.cpp
  ParticleSystem.cpp
  RaycastUtils.cpp
  Rgba8.cpp
  Time.cpp
  Timer.cpp
  VertexUtils.cpp
  Vertex_PCU.cpp
  XmlUtils.cpp
  AnalogJoystick.cpp
  Compiling...
  InputSystem.cpp
  XboxController.cpp
  AABB2.cpp
  AABB3.cpp
  Capsule2.cpp
  Capsule3.cpp
  ConvexShape.cpp
  DoubleAABB3.cpp
D:\p4\Personal\SD\Engine\Code\Engine\Math\ConvexShape.cpp(22,31): warning C4267: 'return': conversion from 'size_t' to 'int', possible loss of data
D:\p4\Personal\SD\Engine\Code\Engine\Math\ConvexShape.cpp(40,23): warning C4244: 'argument': conversion from 'int' to 'const float', possible loss of data
D:\p4\Personal\SD\Engine\Code\Engine\Math\ConvexShape.cpp(124,30): warning C4267: 'return': conversion from 'size_t' to 'int', possible loss of data
  DoubleCapsule3.cpp
  DoubleMat44.cpp
  DoubleOBB3.cpp
  DoublePlane3.cpp
  DoubleQuaternion.cpp
  DoubleVec2.cpp
  DoubleVec4.cpp
  EulerAngles.cpp
  IntVec2.cpp
  IntVec3.cpp
  LineSegment2.cpp
  Mat44.cpp
  Compiling...
  MathUtils.cpp
  OBB2.cpp
  OBB3.cpp
  Plane2.cpp
  Plane3.cpp
  Quaternion.cpp
  Spline.cpp
  Vec2.cpp
  Vec3.cpp
  DoubleVec3.cpp
  Vec4.cpp
  NetworkSystem.cpp
  BitmapFont.cpp
  Camera.cpp
  ConstantBuffer.cpp
  CPUMesh.cpp
  DebugRender.cpp
  GPUMesh.cpp
  IndexBuffer.cpp
  Material.cpp
  Compiling...
  Renderer.cpp
  Shader.cpp
  SpriteAnimDefinition.cpp
  SpriteDefinition.cpp
  SpriteSheet.cpp
  Texture.cpp
  VertexBuffer.cpp
  Button.cpp
  Canvas.cpp
  Checkbox.cpp
  Panel.cpp
  Slider.cpp
  Sprite.cpp
  Text.cpp
  UIElement.cpp
  UISystem.cpp
  Window.cpp
  Engine.vcxproj -> D:\p4\Personal\SD\SimpleMiner\Temporary\Engine_x64_Release\Engine.lib
